  Window.cpp
d:\project-metallurgy\alloy engine\alloy engine\src\window.cpp(41): warning C4244: 'initializing': conversion from 'unsigned int' to 'float', possible loss of data
  Vector3.cpp
  Triangle.cpp
  Transform.cpp
  Renderer.cpp
d:\project-metallurgy\alloy engine\alloy engine\src\renderer.cpp(23): warning C4244: 'argument': conversion from 'const UINT' to 'FLOAT', possible loss of data
d:\project-metallurgy\alloy engine\alloy engine\src\renderer.cpp(27): warning C4838: conversion from 'double' to 'float' requires a narrowing conversion
d:\project-metallurgy\alloy engine\alloy engine\src\renderer.cpp(27): warning C4305: 'initializing': truncation from 'double' to 'float'
d:\project-metallurgy\alloy engine\alloy engine\src\renderer.cpp(116): warning C4244: 'return': conversion from 'UINT' to 'float', possible loss of data
c:\program files (x86)\microsoft visual studio\2017\professional\vc\tools\msvc\14.10.25017\include\utility(189): warning C4244: 'initializing': conversion from 'const UINT' to 'float', possible loss of data
  d:\project-metallurgy\alloy engine\alloy engine\src\renderer.cpp(110): note: see reference to function template instantiation 'std::pair<float,float>::pair<const UINT&,const UINT&,void,0>(_Other1,_Other2) noexcept' being compiled
          with
          [
              _Other1=const UINT &,
              _Other2=const UINT &
          ]
  d:\project-metallurgy\alloy engine\alloy engine\src\renderer.cpp(110): note: see reference to function template instantiation 'std::pair<float,float>::pair<const UINT&,const UINT&,void,0>(_Other1,_Other2) noexcept' being compiled
          with
          [
              _Other1=const UINT &,
              _Other2=const UINT &
          ]
  Quaternion.cpp
  Model.cpp
  Mesh.cpp
d:\project-metallurgy\alloy engine\alloy engine\src\mesh.cpp(40): warning C4267: '=': conversion from 'size_t' to 'UINT', possible loss of data
d:\project-metallurgy\alloy engine\alloy engine\src\mesh.cpp(65): warning C4267: '=': conversion from 'size_t' to 'unsigned int', possible loss of data
d:\project-metallurgy\alloy engine\alloy engine\src\mesh.cpp(66): warning C4267: '=': conversion from 'size_t' to 'unsigned int', possible loss of data
  Matrix.cpp
  TMath.cpp
d:\project-metallurgy\alloy engine\alloy engine\src\tmath.cpp(3): warning C4305: 'initializing': truncation from 'double' to 'float'
  Material.cpp
  main.cpp
  InputManager.cpp
  GameObject.cpp
  Game.cpp
c:\program files (x86)\microsoft visual studio\2017\professional\vc\tools\msvc\14.10.25017\include\memory(2054): warning C4244: 'argument': conversion from 'int' to 'float', possible loss of data
  d:\project-metallurgy\alloy engine\alloy engine\src\game.cpp(13): note: see reference to function template instantiation 'std::unique_ptr<Camera,std::default_delete<_Ty>> std::make_unique<Camera,Vector3,Quaternion,const Vector3&,float,float,float,int>(Vector3 &&,Quaternion &&,const Vector3 &,float &&,float &&,float &&,int &&)' being compiled
          with
          [
              _Ty=Camera
          ]
  DebugSystem.cpp
d:\project-metallurgy\alloy engine\alloy engine\src\debugsystem.cpp(13): warning C4996: 'freopen': This function or variable may be unsafe. Consider using freopen_s instead. To disable deprecation, use _CRT_SECURE_NO_WARNINGS. See online help for details.
  c:\program files (x86)\windows kits\10\include\10.0.15063.0\ucrt\stdio.h(242): note: see declaration of 'freopen'
d:\project-metallurgy\alloy engine\alloy engine\src\debugsystem.cpp(25): warning C4244: 'argument': conversion from 'float' to 'int', possible loss of data
  Camera.cpp
  Generating Code...
  Alloy Engine.vcxproj -> D:\Project-Metallurgy\Alloy Engine\x64\Debug\Alloy Engine.exe
  Alloy Engine.vcxproj -> D:\Project-Metallurgy\Alloy Engine\x64\Debug\Alloy Engine.pdb (Partial PDB)
